<?xml version="1.0" encoding="UTF-8"?>
<!-- Generated by org.testng.reporters.JUnitXMLReporter -->
<testsuite ignored="0" hostname="INL-414RQV3" failures="0" tests="26" name="Default test" time="2.527" errors="0" timestamp="2023-10-10T16:28:54 IST">
  <testcase classname="test.FoodieAppApplicationTests" name="register" time="1.265"/>
  <testcase classname="test.FoodieAppApplicationTests" name="login" time="0.057"/>
  <testcase classname="test.FoodieAppApplicationTests" name="login1" time="0.089"/>
  <testcase classname="test.FoodieAppApplicationTests" name="login2" time="0.099"/>
  <testcase classname="test.FoodieAppApplicationTests" name="Rest_Post1" time="0.019"/>
  <testcase classname="test.FoodieAppApplicationTests" name="Rest_Post2" time="0.021"/>
  <testcase classname="test.FoodieAppApplicationTests" name="Rest_Put" time="0.023"/>
  <testcase classname="test.FoodieAppApplicationTests" name="Rest_GetAll" time="0.017"/>
  <testcase classname="test.FoodieAppApplicationTests" name="Rest_GetById" time="0.586"/>
  <testcase classname="test.FoodieAppApplicationTests" name="Rest_Delete" time="0.017"/>
  <testcase classname="test.FoodieAppApplicationTests" name="Rest_Delete1" time="0.014"/>
  <testcase classname="test.FoodieAppApplicationTests" name="Dish_Post1" time="0.02"/>
  <testcase classname="test.FoodieAppApplicationTests" name="Dish_Post2" time="0.016"/>
  <testcase classname="test.FoodieAppApplicationTests" name="Dish_Put" time="0.015"/>
  <testcase classname="test.FoodieAppApplicationTests" name="Dish_GetAll" time="0.016"/>
  <testcase classname="test.FoodieAppApplicationTests" name="Dish_GetById" time="0.06"/>
  <testcase classname="test.FoodieAppApplicationTests" name="Dish_Delete" time="0.016"/>
  <testcase classname="test.FoodieAppApplicationTests" name="Dish_Delete1" time="0.011"/>
  <testcase classname="test.FoodieAppApplicationTests" name="Order_Post1" time="0.011"/>
  <testcase classname="test.FoodieAppApplicationTests" name="Order_Post2" time="0.015"/>
  <testcase classname="test.FoodieAppApplicationTests" name="Order_Put" time="0.011"/>
  <testcase classname="test.FoodieAppApplicationTests" name="Order_GetAll" time="0.017"/>
  <testcase classname="test.FoodieAppApplicationTests" name="Order_GetById" time="0.029"/>
  <testcase classname="test.FoodieAppApplicationTests" name="User_GetByName" time="0.007"/>
  <testcase classname="test.FoodieAppApplicationTests" name="User_GetByCategory" time="0.007"/>
  <testcase classname="test.FoodieAppApplicationTests" name="User_GetByLocation" time="0.007"/>
</testsuite> <!-- Default test -->
